Watching for file changes with StatReloader
Something went wrong during GET method of TaskListCreateAPIView: name 'task_status' is not defined
Internal Server Error: /tasks/
D:\Projects\Amenli_TMS\tms\apps\tasks\views.py changed, reloading.
Watching for file changes with StatReloader
Watching for file changes with StatReloader
D:\Projects\Amenli_TMS\tms\tms\settings\base.py changed, reloading.
Watching for file changes with StatReloader
D:\Projects\Amenli_TMS\tms\tms\settings\base.py changed, reloading.
Watching for file changes with StatReloader
D:\Projects\Amenli_TMS\tms\tms\settings\base.py changed, reloading.
Watching for file changes with StatReloader
D:\Projects\Amenli_TMS\tms\tms\settings\base.py changed, reloading.
Watching for file changes with StatReloader
D:\Projects\Amenli_TMS\tms\tms\settings\base.py changed, reloading.
Watching for file changes with StatReloader
D:\Projects\Amenli_TMS\tms\tms\settings\base.py changed, reloading.
Watching for file changes with StatReloader
D:\Projects\Amenli_TMS\tms\apps\tasks\admin.py changed, reloading.
Watching for file changes with StatReloader
D:\Projects\Amenli_TMS\tms\apps\tasks\admin.py changed, reloading.
Watching for file changes with StatReloader
D:\Projects\Amenli_TMS\tms\apps\tasks\admin.py changed, reloading.
Watching for file changes with StatReloader
Watching for file changes with StatReloader
Something went wrong during GET method of TaskDetailAPIView: 
Internal Server Error: /tasks/2/
Something went wrong during GET method of TaskDetailAPIView: 
Internal Server Error: /tasks/2/
Watching for file changes with StatReloader
Something went wrong during GET method of TaskDetailAPIView: 
Internal Server Error: /tasks/2/
D:\Projects\Amenli_TMS\tms\apps\tasks\views.py changed, reloading.
Watching for file changes with StatReloader
D:\Projects\Amenli_TMS\tms\apps\tasks\views.py changed, reloading.
Watching for file changes with StatReloader
D:\Projects\Amenli_TMS\tms\apps\tasks\views.py changed, reloading.
Watching for file changes with StatReloader
Not Found: /tasks/2/
Not Found: /tasks/2/
D:\Projects\Amenli_TMS\tms\apps\tasks\views.py changed, reloading.
Watching for file changes with StatReloader
Something went wrong during GET method of TaskDetailAPIView: 
Internal Server Error: /tasks/2/
Something went wrong during GET method of TaskDetailAPIView: 
Internal Server Error: /tasks/2/
D:\Projects\Amenli_TMS\tms\apps\tasks\views.py changed, reloading.
Watching for file changes with StatReloader
D:\Projects\Amenli_TMS\tms\apps\tasks\views.py changed, reloading.
Watching for file changes with StatReloader
Not Found: /tasks/2/
D:\Projects\Amenli_TMS\tms\apps\tasks\views.py changed, reloading.
Watching for file changes with StatReloader
D:\Projects\Amenli_TMS\tms\apps\tasks\views.py changed, reloading.
Watching for file changes with StatReloader
D:\Projects\Amenli_TMS\tms\apps\tasks\views.py changed, reloading.
Watching for file changes with StatReloader
D:\Projects\Amenli_TMS\tms\apps\tasks\views.py changed, reloading.
Watching for file changes with StatReloader
